optseq2
$Id: optseq2.c,v 2.15 2009/05/26 18:13:45 greve Exp $
NoSearch  = 0
nSearch  = 10000
nKeep    = 3
PctUpdate  = 10.000000
nCB1Opt  = 0
seed     = 841322
Ntp  = 160
TR   = 2
TPreScan   = 0
PSD Window   = 0 20 2
nEvTypes = 2
EvNo    Label Duration nRepsNom
 1     study1  2.000   30
 2     study2  2.000   30
PctVarEvReps = 0
VarEvRepsPerCond = 0
PolyOrder = -1
tNullMax = -1
tNullMin = 0
AR1 = 0
No refractory penalty
Cost = eff
OutStem = pseudoexp
Summary File = pseudoexp.sum

Pct nSrch MinSrch Cost Eff Cb1Err VRFAvg VRFStd VRFMin VRFMax VRFRange nSince

BeginUpdateLog
 0       1     0.0   1.03328  1.03328  0.0833  20.705  0.905429  18.4387  21.8727  3.43405 531 0
 0      17     0.0   1.12442  1.12442  0.1167  22.524  0.922969  21.2171  23.8458  2.6288 564.5 2
 0      17     0.0   1.14078  1.14078  0.0500  22.8356  0.697742  21.8099  24.3802  2.57035 466 0
 0      18     0.0   1.14078  1.14078  0.0500  22.8356  0.697742  21.8099  24.3802  2.57035 466 0
 0      18     0.0   1.14078  1.14078  0.0500  22.8356  0.697742  21.8099  24.3802  2.57035 466 0
 0      26     0.0   1.14078  1.14078  0.0500  22.8356  0.697742  21.8099  24.3802  2.57035 466 1
 0      26     0.0   1.14078  1.14078  0.0500  22.8356  0.697742  21.8099  24.3802  2.57035 466 0
 0      31     0.0   1.14078  1.14078  0.0500  22.8356  0.697742  21.8099  24.3802  2.57035 466 3
 0      31     0.0   1.14078  1.14078  0.0500  22.8356  0.697742  21.8099  24.3802  2.57035 466 0
 0      43     0.0   1.14078  1.14078  0.0500  22.8356  0.697742  21.8099  24.3802  2.57035 466 2
 0      43     0.0   1.14078  1.14078  0.0500  22.8356  0.697742  21.8099  24.3802  2.57035 466 0
 0      46     0.0   1.14078  1.14078  0.0500  22.8356  0.697742  21.8099  24.3802  2.57035 466 0
 0      46     0.0   1.14078  1.14078  0.0500  22.8356  0.697742  21.8099  24.3802  2.57035 466 0
 1     108     0.0   1.14078  1.14078  0.0500  22.8356  0.697742  21.8099  24.3802  2.57035 466 26
 1     108     0.0   1.14078  1.14078  0.0500  22.8356  0.697742  21.8099  24.3802  2.57035 466 0
 1     151     0.0   1.14078  1.14078  0.0500  22.8356  0.697742  21.8099  24.3802  2.57035 466 16
 1     151     0.0   1.14078  1.14078  0.0500  22.8356  0.697742  21.8099  24.3802  2.57035 466 0
 1     152     0.0   1.14078  1.14078  0.0500  22.8356  0.697742  21.8099  24.3802  2.57035 466 0
 1     152     0.0   1.14078  1.14078  0.0500  22.8356  0.697742  21.8099  24.3802  2.57035 466 0
 2     260     0.0   1.14078  1.14078  0.0500  22.8356  0.697742  21.8099  24.3802  2.57035 466 52
 2     260     0.0   1.14078  1.14078  0.0500  22.8356  0.697742  21.8099  24.3802  2.57035 466 0
 3     317     0.0   1.14078  1.14078  0.0500  22.8356  0.697742  21.8099  24.3802  2.57035 466 23
 3     317     0.0   1.14539  1.14539  0.1167  22.9378  0.840746  21.152  23.8935  2.74144 413 0
 3     352     0.0   1.14539  1.14539  0.1167  22.9378  0.840746  21.152  23.8935  2.74144 413 20
 3     352     0.0   1.14753  1.14753  0.0500  22.9813  0.859746  21.5267  24.1717  2.645 416.5 0
 5     539     0.0   1.14753  1.14753  0.0500  22.9813  0.859746  21.5267  24.1717  2.645 416.5 87
 5     539     0.0   1.15111  1.15111  0.0167  23.0487  0.809121  21.9629  24.4657  2.50272 401.5 0
 8     834     0.0   1.15111  1.15111  0.0167  23.0487  0.809121  21.9629  24.4657  2.50272 401.5 139
 8     834     0.0   1.16707  1.16707  0.0167  23.3581  0.628795  21.5213  24.2113  2.68995 383 0
 9     929     0.0   1.16707  1.16707  0.0167  23.3581  0.628795  21.5213  24.2113  2.68995 383 33
 9     929     0.0   1.1748  1.1748  0.0167  23.5232  0.798383  21.366  24.6261  3.26002 309.5 0
10    1042     0.0   1.1748  1.1748  0.0167  23.5232  0.798383  21.366  24.6261  3.26002 309.5 47
10    1042     0.0   1.1748  1.1748  0.0167  23.5232  0.798383  21.366  24.6261  3.26002 309.5 0
11    1101     0.0   1.1748  1.1748  0.0167  23.5232  0.798383  21.366  24.6261  3.26002 309.5 25
12    1223     0.0   1.1748  1.1748  0.0167  23.5232  0.798383  21.366  24.6261  3.26002 309.5 84
12    1223     0.0   1.1748  1.1748  0.0167  23.5232  0.798383  21.366  24.6261  3.26002 309.5 0
12    1272     0.0   1.1748  1.1748  0.0167  23.5232  0.798383  21.366  24.6261  3.26002 309.5 18
12    1272     0.0   1.1748  1.1748  0.0167  23.5232  0.798383  21.366  24.6261  3.26002 309.5 0
21    2151     0.0   1.1748  1.1748  0.0167  23.5232  0.798383  21.366  24.6261  3.26002 309.5 392
21    2151     0.0   1.1748  1.1748  0.0167  23.5232  0.798383  21.366  24.6261  3.26002 309.5 0
22    2200     0.0   1.1748  1.1748  0.0167  23.5232  0.798383  21.366  24.6261  3.26002 309.5 21
33    3302     0.0   1.1748  1.1748  0.0167  23.5232  0.798383  21.366  24.6261  3.26002 309.5 540
33    3346     0.0   1.1748  1.1748  0.0167  23.5232  0.798383  21.366  24.6261  3.26002 309.5 558
33    3346     0.0   1.17942  1.17942  0.1833  23.6053  0.63845  21.941  24.5155  2.5745 363 0
44    4402     0.0   1.17942  1.17942  0.1833  23.6053  0.63845  21.941  24.5155  2.5745 363 479
46    4606     0.0   1.17942  1.17942  0.1833  23.6053  0.63845  21.941  24.5155  2.5745 363 570
46    4606     0.0   1.18417  1.18417  0.1500  23.6987  0.60799  21.9687  24.5732  2.60448 420 0
55    5500     0.0   1.18417  1.18417  0.1500  23.6987  0.60799  21.9687  24.5732  2.60448 420 408
66    6601     0.0   1.18417  1.18417  0.1500  23.6987  0.60799  21.9687  24.5732  2.60448 420 898
77    7700     0.0   1.18417  1.18417  0.1500  23.6987  0.60799  21.9687  24.5732  2.60448 420 1391
88    8800     0.0   1.18417  1.18417  0.1500  23.6987  0.60799  21.9687  24.5732  2.60448 420 1874
93    9302     0.0   1.18417  1.18417  0.1500  23.6987  0.60799  21.9687  24.5732  2.60448 420 2129
93    9302     0.0   1.18417  1.18417  0.1500  23.6987  0.60799  21.9687  24.5732  2.60448 420 0
99    9902     0.1   1.18417  1.18417  0.1500  23.6987  0.60799  21.9687  24.5732  2.60448 420 270
100   10000     0.1   1.18417  1.18417  0.1500  23.6987  0.60799  21.9687  24.5732  2.60448 420 317
EndUpdateLog

Done
