optseq2
$Id: optseq2.c,v 2.15 2009/05/26 18:13:45 greve Exp $
NoSearch  = 0
nSearch  = 100000
nKeep    = 10
PctUpdate  = 10.000000
nCB1Opt  = 0
seed     = 765947
Ntp  = 200
TR   = 2
TPreScan   = 0
PSD Window   = 0 20 2
nEvTypes = 4
EvNo    Label Duration nRepsNom
 1    realRep  2.000   40
 2    realNov  2.000   40
 3  pseudoRep  2.000   40
 4  pseudoNov  2.000   40
PctVarEvReps = 0
VarEvRepsPerCond = 0
PolyOrder = -1
tNullMax = -1
tNullMin = 0
AR1 = 0
No refractory penalty
Cost = eff
OutStem = ObjsFaces
Summary File = ObjsFaces.sum

Pct nSrch MinSrch Cost Eff Cb1Err VRFAvg VRFStd VRFMin VRFMax VRFRange nSince

BeginUpdateLog
 0       1     0.0   0.427843  0.427843  0.1188  17.1515  0.832179  16.0189  19.2958  3.27693 2559 0
 0      14     0.0   0.461375  0.461375  0.2062  18.5097  1.00954  16.7057  20.0898  3.38412 2500 0
 0      14     0.0   0.461375  0.461375  0.2062  18.5097  1.00954  16.7057  20.0898  3.38412 2500 0
 0      15     0.0   0.461375  0.461375  0.2062  18.5097  1.00954  16.7057  20.0898  3.38412 2500 0
 0      15     0.0   0.461375  0.461375  0.2062  18.5097  1.00954  16.7057  20.0898  3.38412 2500 0
 0      16     0.0   0.461375  0.461375  0.2062  18.5097  1.00954  16.7057  20.0898  3.38412 2500 0
 0      16     0.0   0.461375  0.461375  0.2062  18.5097  1.00954  16.7057  20.0898  3.38412 2500 0
 0      18     0.0   0.461375  0.461375  0.2062  18.5097  1.00954  16.7057  20.0898  3.38412 2500 0
 0      18     0.0   0.461375  0.461375  0.2062  18.5097  1.00954  16.7057  20.0898  3.38412 2500 0
 0      20     0.0   0.461375  0.461375  0.2062  18.5097  1.00954  16.7057  20.0898  3.38412 2500 0
 0      20     0.0   0.461375  0.461375  0.2062  18.5097  1.00954  16.7057  20.0898  3.38412 2500 0
 0      22     0.0   0.461375  0.461375  0.2062  18.5097  1.00954  16.7057  20.0898  3.38412 2500 1
 0      22     0.0   0.461375  0.461375  0.2062  18.5097  1.00954  16.7057  20.0898  3.38412 2500 0
 0      24     0.0   0.461375  0.461375  0.2062  18.5097  1.00954  16.7057  20.0898  3.38412 2500 1
 0      24     0.0   0.465581  0.465581  0.2188  18.6807  1.04763  16.3473  20.7421  4.39482 2497 0
 0      30     0.0   0.465581  0.465581  0.2188  18.6807  1.04763  16.3473  20.7421  4.39482 2497 5
 0      30     0.0   0.465581  0.465581  0.2188  18.6807  1.04763  16.3473  20.7421  4.39482 2497 0
 0      33     0.0   0.465581  0.465581  0.2188  18.6807  1.04763  16.3473  20.7421  4.39482 2497 2
 0      33     0.0   0.465581  0.465581  0.2188  18.6807  1.04763  16.3473  20.7421  4.39482 2497 0
 0      41     0.0   0.465581  0.465581  0.2188  18.6807  1.04763  16.3473  20.7421  4.39482 2497 7
 0      41     0.0   0.470831  0.470831  0.2062  18.8831  0.952149  16.4048  20.0318  3.627 2497 0
 0      44     0.0   0.470831  0.470831  0.2062  18.8831  0.952149  16.4048  20.0318  3.627 2497 2
 0      44     0.0   0.470831  0.470831  0.2062  18.8831  0.952149  16.4048  20.0318  3.627 2497 0
 0      50     0.0   0.470831  0.470831  0.2062  18.8831  0.952149  16.4048  20.0318  3.627 2497 3
 0      50     0.0   0.470831  0.470831  0.2062  18.8831  0.952149  16.4048  20.0318  3.627 2497 0
 0      56     0.0   0.470831  0.470831  0.2062  18.8831  0.952149  16.4048  20.0318  3.627 2497 5
 0      56     0.0   0.470831  0.470831  0.2062  18.8831  0.952149  16.4048  20.0318  3.627 2497 0
 0      61     0.0   0.470831  0.470831  0.2062  18.8831  0.952149  16.4048  20.0318  3.627 2497 4
 0      61     0.0   0.470831  0.470831  0.2062  18.8831  0.952149  16.4048  20.0318  3.627 2497 0
 0      64     0.0   0.470831  0.470831  0.2062  18.8831  0.952149  16.4048  20.0318  3.627 2497 2
 0      64     0.0   0.470831  0.470831  0.2062  18.8831  0.952149  16.4048  20.0318  3.627 2497 0
 0      65     0.0   0.470831  0.470831  0.2062  18.8831  0.952149  16.4048  20.0318  3.627 2497 0
 0      65     0.0   0.470831  0.470831  0.2062  18.8831  0.952149  16.4048  20.0318  3.627 2497 0
 0      70     0.0   0.470831  0.470831  0.2062  18.8831  0.952149  16.4048  20.0318  3.627 2497 4
 0      70     0.0   0.470831  0.470831  0.2062  18.8831  0.952149  16.4048  20.0318  3.627 2497 0
 0      76     0.0   0.470831  0.470831  0.2062  18.8831  0.952149  16.4048  20.0318  3.627 2497 3
 0      76     0.0   0.470831  0.470831  0.2062  18.8831  0.952149  16.4048  20.0318  3.627 2497 0
 0      85     0.0   0.470831  0.470831  0.2062  18.8831  0.952149  16.4048  20.0318  3.627 2497 7
 0      85     0.0   0.470831  0.470831  0.2062  18.8831  0.952149  16.4048  20.0318  3.627 2497 0
 0      88     0.0   0.470831  0.470831  0.2062  18.8831  0.952149  16.4048  20.0318  3.627 2497 1
 0      88     0.0   0.470831  0.470831  0.2062  18.8831  0.952149  16.4048  20.0318  3.627 2497 0
 0     103     0.0   0.470831  0.470831  0.2062  18.8831  0.952149  16.4048  20.0318  3.627 2497 9
 0     103     0.0   0.471021  0.471021  0.2438  18.8847  0.91369  16.9584  20.5975  3.63913 2547 0
 0     108     0.0   0.471021  0.471021  0.2438  18.8847  0.91369  16.9584  20.5975  3.63913 2547 4
 0     108     0.0   0.471021  0.471021  0.2438  18.8847  0.91369  16.9584  20.5975  3.63913 2547 0
 0     113     0.0   0.471021  0.471021  0.2438  18.8847  0.91369  16.9584  20.5975  3.63913 2547 2
 0     113     0.0   0.471021  0.471021  0.2438  18.8847  0.91369  16.9584  20.5975  3.63913 2547 0
 0     129     0.0   0.471021  0.471021  0.2438  18.8847  0.91369  16.9584  20.5975  3.63913 2547 13
 0     129     0.0   0.471021  0.471021  0.2438  18.8847  0.91369  16.9584  20.5975  3.63913 2547 0
 0     137     0.0   0.471021  0.471021  0.2438  18.8847  0.91369  16.9584  20.5975  3.63913 2547 5
 0     137     0.0   0.471021  0.471021  0.2438  18.8847  0.91369  16.9584  20.5975  3.63913 2547 0
 0     139     0.0   0.471021  0.471021  0.2438  18.8847  0.91369  16.9584  20.5975  3.63913 2547 1
 0     139     0.0   0.471021  0.471021  0.2438  18.8847  0.91369  16.9584  20.5975  3.63913 2547 0
 0     143     0.0   0.471021  0.471021  0.2438  18.8847  0.91369  16.9584  20.5975  3.63913 2547 2
 0     143     0.0   0.471021  0.471021  0.2438  18.8847  0.91369  16.9584  20.5975  3.63913 2547 0
 0     209     0.0   0.471021  0.471021  0.2438  18.8847  0.91369  16.9584  20.5975  3.63913 2547 53
 0     209     0.0   0.474355  0.474355  0.1938  19.0116  0.849375  16.9803  20.8979  3.91757 2525 0
 0     224     0.0   0.474355  0.474355  0.1938  19.0116  0.849375  16.9803  20.8979  3.91757 2525 14
 0     224     0.0   0.474355  0.474355  0.1938  19.0116  0.849375  16.9803  20.8979  3.91757 2525 0
 0     229     0.0   0.474355  0.474355  0.1938  19.0116  0.849375  16.9803  20.8979  3.91757 2525 4
 0     229     0.0   0.474355  0.474355  0.1938  19.0116  0.849375  16.9803  20.8979  3.91757 2525 0
 0     233     0.0   0.474355  0.474355  0.1938  19.0116  0.849375  16.9803  20.8979  3.91757 2525 3
 0     233     0.0   0.474355  0.474355  0.1938  19.0116  0.849375  16.9803  20.8979  3.91757 2525 0
 0     241     0.0   0.474355  0.474355  0.1938  19.0116  0.849375  16.9803  20.8979  3.91757 2525 7
 0     241     0.0   0.474355  0.474355  0.1938  19.0116  0.849375  16.9803  20.8979  3.91757 2525 0
 0     255     0.0   0.474355  0.474355  0.1938  19.0116  0.849375  16.9803  20.8979  3.91757 2525 10
 0     255     0.0   0.474355  0.474355  0.1938  19.0116  0.849375  16.9803  20.8979  3.91757 2525 0
 0     313     0.0   0.474355  0.474355  0.1938  19.0116  0.849375  16.9803  20.8979  3.91757 2525 49
 0     313     0.0   0.474355  0.474355  0.1938  19.0116  0.849375  16.9803  20.8979  3.91757 2525 0
 0     341     0.0   0.474355  0.474355  0.1938  19.0116  0.849375  16.9803  20.8979  3.91757 2525 23
 0     341     0.0   0.478048  0.478048  0.1313  19.1408  0.60334  17.8195  19.9916  2.17208 2228 0
 0     414     0.0   0.478048  0.478048  0.1313  19.1408  0.60334  17.8195  19.9916  2.17208 2228 56
 0     414     0.0   0.478048  0.478048  0.1313  19.1408  0.60334  17.8195  19.9916  2.17208 2228 0
 0     538     0.0   0.478048  0.478048  0.1313  19.1408  0.60334  17.8195  19.9916  2.17208 2228 98
 0     538     0.0   0.478048  0.478048  0.1313  19.1408  0.60334  17.8195  19.9916  2.17208 2228 0
 0     608     0.0   0.478048  0.478048  0.1313  19.1408  0.60334  17.8195  19.9916  2.17208 2228 57
 0     608     0.0   0.478048  0.478048  0.1313  19.1408  0.60334  17.8195  19.9916  2.17208 2228 0
 0     627     0.0   0.478048  0.478048  0.1313  19.1408  0.60334  17.8195  19.9916  2.17208 2228 16
 0     627     0.0   0.478048  0.478048  0.1313  19.1408  0.60334  17.8195  19.9916  2.17208 2228 0
 0     646     0.0   0.478048  0.478048  0.1313  19.1408  0.60334  17.8195  19.9916  2.17208 2228 15
 0     646     0.0   0.478048  0.478048  0.1313  19.1408  0.60334  17.8195  19.9916  2.17208 2228 0
 0     775     0.0   0.478048  0.478048  0.1313  19.1408  0.60334  17.8195  19.9916  2.17208 2228 108
 0     775     0.0   0.478048  0.478048  0.1313  19.1408  0.60334  17.8195  19.9916  2.17208 2228 0
 0     785     0.0   0.478048  0.478048  0.1313  19.1408  0.60334  17.8195  19.9916  2.17208 2228 6
 0     785     0.0   0.478048  0.478048  0.1313  19.1408  0.60334  17.8195  19.9916  2.17208 2228 0
 0     996     0.0   0.478048  0.478048  0.1313  19.1408  0.60334  17.8195  19.9916  2.17208 2228 182
 0     996     0.0   0.478048  0.478048  0.1313  19.1408  0.60334  17.8195  19.9916  2.17208 2228 0
 1    1273     0.0   0.478048  0.478048  0.1313  19.1408  0.60334  17.8195  19.9916  2.17208 2228 233
 1    1273     0.0   0.478048  0.478048  0.1313  19.1408  0.60334  17.8195  19.9916  2.17208 2228 0
 1    1299     0.0   0.478048  0.478048  0.1313  19.1408  0.60334  17.8195  19.9916  2.17208 2228 22
 1    1299     0.0   0.479385  0.479385  0.1937  19.1973  0.657506  17.9591  20.6559  2.69686 2415 0
 1    1410     0.0   0.479385  0.479385  0.1937  19.1973  0.657506  17.9591  20.6559  2.69686 2415 86
 1    1410     0.0   0.479385  0.479385  0.1937  19.1973  0.657506  17.9591  20.6559  2.69686 2415 0
 1    1864     0.0   0.479385  0.479385  0.1937  19.1973  0.657506  17.9591  20.6559  2.69686 2415 378
 1    1864     0.0   0.479385  0.479385  0.1937  19.1973  0.657506  17.9591  20.6559  2.69686 2415 0
 2    2051     0.0   0.479385  0.479385  0.1937  19.1973  0.657506  17.9591  20.6559  2.69686 2415 150
 2    2051     0.0   0.489812  0.489812  0.2188  19.61  0.593292  18.3687  20.7713  2.4026 2211 0
 2    2481     0.1   0.489812  0.489812  0.2188  19.61  0.593292  18.3687  20.7713  2.4026 2211 354
 2    2481     0.1   0.489812  0.489812  0.2188  19.61  0.593292  18.3687  20.7713  2.4026 2211 0
 2    2690     0.1   0.489812  0.489812  0.2188  19.61  0.593292  18.3687  20.7713  2.4026 2211 177
 2    2690     0.1   0.489812  0.489812  0.2188  19.61  0.593292  18.3687  20.7713  2.4026 2211 0
 2    2971     0.1   0.489812  0.489812  0.2188  19.61  0.593292  18.3687  20.7713  2.4026 2211 228
 2    2971     0.1   0.489812  0.489812  0.2188  19.61  0.593292  18.3687  20.7713  2.4026 2211 0
 3    3306     0.1   0.489812  0.489812  0.2188  19.61  0.593292  18.3687  20.7713  2.4026 2211 290
 3    3306     0.1   0.489812  0.489812  0.2188  19.61  0.593292  18.3687  20.7713  2.4026 2211 0
 3    3594     0.1   0.489812  0.489812  0.2188  19.61  0.593292  18.3687  20.7713  2.4026 2211 240
 3    3594     0.1   0.489812  0.489812  0.2188  19.61  0.593292  18.3687  20.7713  2.4026 2211 0
 3    3887     0.1   0.489812  0.489812  0.2188  19.61  0.593292  18.3687  20.7713  2.4026 2211 256
 3    3887     0.1   0.489812  0.489812  0.2188  19.61  0.593292  18.3687  20.7713  2.4026 2211 0
 4    4888     0.1   0.489812  0.489812  0.2188  19.61  0.593292  18.3687  20.7713  2.4026 2211 843
 4    4888     0.1   0.489812  0.489812  0.2188  19.61  0.593292  18.3687  20.7713  2.4026 2211 0
 5    5795     0.1   0.489812  0.489812  0.2188  19.61  0.593292  18.3687  20.7713  2.4026 2211 752
 5    5795     0.1   0.489812  0.489812  0.2188  19.61  0.593292  18.3687  20.7713  2.4026 2211 0
 5    5965     0.1   0.489812  0.489812  0.2188  19.61  0.593292  18.3687  20.7713  2.4026 2211 137
 5    5965     0.1   0.489812  0.489812  0.2188  19.61  0.593292  18.3687  20.7713  2.4026 2211 0
 6    6590     0.1   0.489812  0.489812  0.2188  19.61  0.593292  18.3687  20.7713  2.4026 2211 519
 6    6590     0.1   0.489812  0.489812  0.2188  19.61  0.593292  18.3687  20.7713  2.4026 2211 0
 6    6946     0.1   0.489812  0.489812  0.2188  19.61  0.593292  18.3687  20.7713  2.4026 2211 314
 6    6946     0.1   0.489812  0.489812  0.2188  19.61  0.593292  18.3687  20.7713  2.4026 2211 0
 7    7062     0.1   0.489812  0.489812  0.2188  19.61  0.593292  18.3687  20.7713  2.4026 2211 100
 7    7062     0.1   0.489812  0.489812  0.2188  19.61  0.593292  18.3687  20.7713  2.4026 2211 0
 7    7889     0.1   0.489812  0.489812  0.2188  19.61  0.593292  18.3687  20.7713  2.4026 2211 708
 7    7889     0.1   0.489812  0.489812  0.2188  19.61  0.593292  18.3687  20.7713  2.4026 2211 0
10   10199     0.2   0.489812  0.489812  0.2188  19.61  0.593292  18.3687  20.7713  2.4026 2211 1947
10   10199     0.2   0.489812  0.489812  0.2188  19.61  0.593292  18.3687  20.7713  2.4026 2211 0
10   10875     0.2   0.489812  0.489812  0.2188  19.61  0.593292  18.3687  20.7713  2.4026 2211 589
10   10875     0.2   0.489812  0.489812  0.2188  19.61  0.593292  18.3687  20.7713  2.4026 2211 0
11   11000     0.2   0.489812  0.489812  0.2188  19.61  0.593292  18.3687  20.7713  2.4026 2211 102
11   11888     0.2   0.489812  0.489812  0.2188  19.61  0.593292  18.3687  20.7713  2.4026 2211 847
11   11888     0.2   0.489812  0.489812  0.2188  19.61  0.593292  18.3687  20.7713  2.4026 2211 0
11   11912     0.2   0.489812  0.489812  0.2188  19.61  0.593292  18.3687  20.7713  2.4026 2211 20
11   11912     0.2   0.489812  0.489812  0.2188  19.61  0.593292  18.3687  20.7713  2.4026 2211 0
13   13661     0.2   0.489812  0.489812  0.2188  19.61  0.593292  18.3687  20.7713  2.4026 2211 1463
13   13661     0.2   0.489812  0.489812  0.2188  19.61  0.593292  18.3687  20.7713  2.4026 2211 0
15   15416     0.3   0.489812  0.489812  0.2188  19.61  0.593292  18.3687  20.7713  2.4026 2211 1492
15   15416     0.3   0.489812  0.489812  0.2188  19.61  0.593292  18.3687  20.7713  2.4026 2211 0
15   15905     0.3   0.489812  0.489812  0.2188  19.61  0.593292  18.3687  20.7713  2.4026 2211 416
15   15905     0.3   0.489812  0.489812  0.2188  19.61  0.593292  18.3687  20.7713  2.4026 2211 0
16   16683     0.3   0.489812  0.489812  0.2188  19.61  0.593292  18.3687  20.7713  2.4026 2211 658
16   16683     0.3   0.489812  0.489812  0.2188  19.61  0.593292  18.3687  20.7713  2.4026 2211 0
17   17325     0.3   0.489812  0.489812  0.2188  19.61  0.593292  18.3687  20.7713  2.4026 2211 547
17   17325     0.3   0.489812  0.489812  0.2188  19.61  0.593292  18.3687  20.7713  2.4026 2211 0
17   17902     0.3   0.489812  0.489812  0.2188  19.61  0.593292  18.3687  20.7713  2.4026 2211 484
17   17902     0.3   0.489812  0.489812  0.2188  19.61  0.593292  18.3687  20.7713  2.4026 2211 0
22   22000     0.4   0.489812  0.489812  0.2188  19.61  0.593292  18.3687  20.7713  2.4026 2211 3426
28   28722     0.5   0.489812  0.489812  0.2188  19.61  0.593292  18.3687  20.7713  2.4026 2211 9075
28   28722     0.5   0.489812  0.489812  0.2188  19.61  0.593292  18.3687  20.7713  2.4026 2211 0
29   29671     0.5   0.489812  0.489812  0.2188  19.61  0.593292  18.3687  20.7713  2.4026 2211 817
29   29671     0.5   0.489812  0.489812  0.2188  19.61  0.593292  18.3687  20.7713  2.4026 2211 0
32   32719     0.6   0.489812  0.489812  0.2188  19.61  0.593292  18.3687  20.7713  2.4026 2211 2568
32   32719     0.6   0.489812  0.489812  0.2188  19.61  0.593292  18.3687  20.7713  2.4026 2211 0
33   33000     0.6   0.489812  0.489812  0.2188  19.61  0.593292  18.3687  20.7713  2.4026 2211 234
35   35039     0.6   0.489812  0.489812  0.2188  19.61  0.593292  18.3687  20.7713  2.4026 2211 1948
35   35039     0.6   0.489812  0.489812  0.2188  19.61  0.593292  18.3687  20.7713  2.4026 2211 0
39   39673     0.7   0.489812  0.489812  0.2188  19.61  0.593292  18.3687  20.7713  2.4026 2211 3912
39   39673     0.7   0.489812  0.489812  0.2188  19.61  0.593292  18.3687  20.7713  2.4026 2211 0
39   39787     0.7   0.489812  0.489812  0.2188  19.61  0.593292  18.3687  20.7713  2.4026 2211 93
39   39787     0.7   0.489812  0.489812  0.2188  19.61  0.593292  18.3687  20.7713  2.4026 2211 0
44   44000     0.8   0.489812  0.489812  0.2188  19.61  0.593292  18.3687  20.7713  2.4026 2211 3550
46   46829     0.8   0.489812  0.489812  0.2188  19.61  0.593292  18.3687  20.7713  2.4026 2211 5928
46   46829     0.8   0.489812  0.489812  0.2188  19.61  0.593292  18.3687  20.7713  2.4026 2211 0
55   55000     1.0   0.489812  0.489812  0.2188  19.61  0.593292  18.3687  20.7713  2.4026 2211 6954
56   56466     1.0   0.489812  0.489812  0.2188  19.61  0.593292  18.3687  20.7713  2.4026 2211 8209
56   56466     1.0   0.490984  0.490984  0.1563  19.6493  0.445981  18.8504  20.5247  1.67431 2245 0
61   61795     1.1   0.490984  0.490984  0.1563  19.6493  0.445981  18.8504  20.5247  1.67431 2245 4463
61   61795     1.1   0.49583  0.49583  0.1438  19.8517  0.614067  18.7513  21.1489  2.39764 2195 0
66   66000     1.1   0.49583  0.49583  0.1438  19.8517  0.614067  18.7513  21.1489  2.39764 2195 3542
75   75335     1.3   0.49583  0.49583  0.1438  19.8517  0.614067  18.7513  21.1489  2.39764 2195 11455
75   75335     1.3   0.49583  0.49583  0.1438  19.8517  0.614067  18.7513  21.1489  2.39764 2195 0
77   77000     1.4   0.49583  0.49583  0.1438  19.8517  0.614067  18.7513  21.1489  2.39764 2195 1428
86   86926     1.5   0.49583  0.49583  0.1438  19.8517  0.614067  18.7513  21.1489  2.39764 2195 9773
86   86926     1.5   0.49583  0.49583  0.1438  19.8517  0.614067  18.7513  21.1489  2.39764 2195 0
88   88001     1.5   0.49583  0.49583  0.1438  19.8517  0.614067  18.7513  21.1489  2.39764 2195 904
89   89531     1.6   0.49583  0.49583  0.1438  19.8517  0.614067  18.7513  21.1489  2.39764 2195 2205
89   89531     1.6   0.49583  0.49583  0.1438  19.8517  0.614067  18.7513  21.1489  2.39764 2195 0
99   99000     1.7   0.49583  0.49583  0.1438  19.8517  0.614067  18.7513  21.1489  2.39764 2195 7993
100  100000     1.8   0.49583  0.49583  0.1438  19.8517  0.614067  18.7513  21.1489  2.39764 2195 8829
EndUpdateLog

Done
