optseq2
$Id: optseq2.c,v 2.15 2009/05/26 18:13:45 greve Exp $
NoSearch  = 0
nSearch  = 100000
nKeep    = 10
PctUpdate  = 10.000000
nCB1Opt  = 0
seed     = 474259
Ntp  = 180
TR   = 2
TPreScan   = 0
PSD Window   = 0 20 2
nEvTypes = 6
EvNo    Label Duration nRepsNom
 1      rwRep  2.000   20
 2      rwOrt  2.000   20
 3      rwNov  2.000   20
 4      pwRep  2.000   20
 5      pwOrt  2.000   20
 6      pwNov  2.000   20
PctVarEvReps = 0
VarEvRepsPerCond = 0
PolyOrder = -1
tNullMax = -1
tNullMin = 0
AR1 = 0
No refractory penalty
Cost = eff
OutStem = Words
Summary File = Words.sum

Pct nSrch MinSrch Cost Eff Cb1Err VRFAvg VRFStd VRFMin VRFMax VRFRange nSince

BeginUpdateLog
 0       1     0.0   0.189389  0.189389  0.3028  11.4026  0.659426  9.50546  12.6883  3.18279 3082.74 0
 0      13     0.0   0.189389  0.189389  0.3028  11.4026  0.659426  9.50546  12.6883  3.18279 3082.74 0
 0      13     0.0   0.189389  0.189389  0.3028  11.4026  0.659426  9.50546  12.6883  3.18279 3082.74 0
 0      14     0.0   0.189389  0.189389  0.3028  11.4026  0.659426  9.50546  12.6883  3.18279 3082.74 0
 0      14     0.0   0.189389  0.189389  0.3028  11.4026  0.659426  9.50546  12.6883  3.18279 3082.74 0
 0      16     0.0   0.189389  0.189389  0.3028  11.4026  0.659426  9.50546  12.6883  3.18279 3082.74 0
 0      16     0.0   0.189389  0.189389  0.3028  11.4026  0.659426  9.50546  12.6883  3.18279 3082.74 0
 0      17     0.0   0.189389  0.189389  0.3028  11.4026  0.659426  9.50546  12.6883  3.18279 3082.74 0
 0      17     0.0   0.189389  0.189389  0.3028  11.4026  0.659426  9.50546  12.6883  3.18279 3082.74 0
 0      18     0.0   0.189389  0.189389  0.3028  11.4026  0.659426  9.50546  12.6883  3.18279 3082.74 0
 0      18     0.0   0.189389  0.189389  0.3028  11.4026  0.659426  9.50546  12.6883  3.18279 3082.74 0
 0      22     0.0   0.189389  0.189389  0.3028  11.4026  0.659426  9.50546  12.6883  3.18279 3082.74 1
 0      22     0.0   0.189389  0.189389  0.3028  11.4026  0.659426  9.50546  12.6883  3.18279 3082.74 0
 0      23     0.0   0.189389  0.189389  0.3028  11.4026  0.659426  9.50546  12.6883  3.18279 3082.74 0
 0      23     0.0   0.189389  0.189389  0.3028  11.4026  0.659426  9.50546  12.6883  3.18279 3082.74 0
 0      26     0.0   0.189389  0.189389  0.3028  11.4026  0.659426  9.50546  12.6883  3.18279 3082.74 0
 0      26     0.0   0.189389  0.189389  0.3028  11.4026  0.659426  9.50546  12.6883  3.18279 3082.74 0
 0      29     0.0   0.189389  0.189389  0.3028  11.4026  0.659426  9.50546  12.6883  3.18279 3082.74 1
 0      29     0.0   0.189389  0.189389  0.3028  11.4026  0.659426  9.50546  12.6883  3.18279 3082.74 0
 0      35     0.0   0.189389  0.189389  0.3028  11.4026  0.659426  9.50546  12.6883  3.18279 3082.74 2
 0      35     0.0   0.189389  0.189389  0.3028  11.4026  0.659426  9.50546  12.6883  3.18279 3082.74 0
 0      40     0.0   0.189389  0.189389  0.3028  11.4026  0.659426  9.50546  12.6883  3.18279 3082.74 3
 0      40     0.0   0.189389  0.189389  0.3028  11.4026  0.659426  9.50546  12.6883  3.18279 3082.74 0
 0      49     0.0   0.189389  0.189389  0.3028  11.4026  0.659426  9.50546  12.6883  3.18279 3082.74 4
 0      49     0.0   0.189389  0.189389  0.3028  11.4026  0.659426  9.50546  12.6883  3.18279 3082.74 0
 0      51     0.0   0.189389  0.189389  0.3028  11.4026  0.659426  9.50546  12.6883  3.18279 3082.74 1
 0      51     0.0   0.189389  0.189389  0.3028  11.4026  0.659426  9.50546  12.6883  3.18279 3082.74 0
 0      56     0.0   0.189389  0.189389  0.3028  11.4026  0.659426  9.50546  12.6883  3.18279 3082.74 3
 0      56     0.0   0.189389  0.189389  0.3028  11.4026  0.659426  9.50546  12.6883  3.18279 3082.74 0
 0      59     0.0   0.189389  0.189389  0.3028  11.4026  0.659426  9.50546  12.6883  3.18279 3082.74 1
 0      59     0.0   0.189389  0.189389  0.3028  11.4026  0.659426  9.50546  12.6883  3.18279 3082.74 0
 0      66     0.0   0.189389  0.189389  0.3028  11.4026  0.659426  9.50546  12.6883  3.18279 3082.74 5
 0      66     0.0   0.189389  0.189389  0.3028  11.4026  0.659426  9.50546  12.6883  3.18279 3082.74 0
 0      70     0.0   0.189389  0.189389  0.3028  11.4026  0.659426  9.50546  12.6883  3.18279 3082.74 3
 0      70     0.0   0.189389  0.189389  0.3028  11.4026  0.659426  9.50546  12.6883  3.18279 3082.74 0
 0      84     0.0   0.189389  0.189389  0.3028  11.4026  0.659426  9.50546  12.6883  3.18279 3082.74 12
 0      84     0.0   0.189389  0.189389  0.3028  11.4026  0.659426  9.50546  12.6883  3.18279 3082.74 0
 0      90     0.0   0.189389  0.189389  0.3028  11.4026  0.659426  9.50546  12.6883  3.18279 3082.74 4
 0      90     0.0   0.189389  0.189389  0.3028  11.4026  0.659426  9.50546  12.6883  3.18279 3082.74 0
 0     100     0.0   0.189389  0.189389  0.3028  11.4026  0.659426  9.50546  12.6883  3.18279 3082.74 4
 0     100     0.0   0.189389  0.189389  0.3028  11.4026  0.659426  9.50546  12.6883  3.18279 3082.74 0
 0     101     0.0   0.189389  0.189389  0.3028  11.4026  0.659426  9.50546  12.6883  3.18279 3082.74 0
 0     101     0.0   0.189389  0.189389  0.3028  11.4026  0.659426  9.50546  12.6883  3.18279 3082.74 0
 0     102     0.0   0.189389  0.189389  0.3028  11.4026  0.659426  9.50546  12.6883  3.18279 3082.74 0
 0     102     0.0   0.189389  0.189389  0.3028  11.4026  0.659426  9.50546  12.6883  3.18279 3082.74 0
 0     105     0.0   0.189389  0.189389  0.3028  11.4026  0.659426  9.50546  12.6883  3.18279 3082.74 2
 0     105     0.0   0.189389  0.189389  0.3028  11.4026  0.659426  9.50546  12.6883  3.18279 3082.74 0
 0     114     0.0   0.189389  0.189389  0.3028  11.4026  0.659426  9.50546  12.6883  3.18279 3082.74 6
 0     114     0.0   0.189389  0.189389  0.3028  11.4026  0.659426  9.50546  12.6883  3.18279 3082.74 0
 0     116     0.0   0.189389  0.189389  0.3028  11.4026  0.659426  9.50546  12.6883  3.18279 3082.74 1
 0     116     0.0   0.189389  0.189389  0.3028  11.4026  0.659426  9.50546  12.6883  3.18279 3082.74 0
 0     121     0.0   0.189389  0.189389  0.3028  11.4026  0.659426  9.50546  12.6883  3.18279 3082.74 1
 0     121     0.0   0.189389  0.189389  0.3028  11.4026  0.659426  9.50546  12.6883  3.18279 3082.74 0
 0     124     0.0   0.189389  0.189389  0.3028  11.4026  0.659426  9.50546  12.6883  3.18279 3082.74 2
 0     124     0.0   0.193185  0.193185  0.3972  11.6336  0.712428  10.3222  13.2384  2.91615 3173.97 0
 0     136     0.0   0.193185  0.193185  0.3972  11.6336  0.712428  10.3222  13.2384  2.91615 3173.97 7
 0     136     0.0   0.193185  0.193185  0.3972  11.6336  0.712428  10.3222  13.2384  2.91615 3173.97 0
 0     158     0.0   0.193185  0.193185  0.3972  11.6336  0.712428  10.3222  13.2384  2.91615 3173.97 16
 0     158     0.0   0.193185  0.193185  0.3972  11.6336  0.712428  10.3222  13.2384  2.91615 3173.97 0
 0     195     0.0   0.193185  0.193185  0.3972  11.6336  0.712428  10.3222  13.2384  2.91615 3173.97 26
 0     195     0.0   0.193185  0.193185  0.3972  11.6336  0.712428  10.3222  13.2384  2.91615 3173.97 0
 0     245     0.0   0.193185  0.193185  0.3972  11.6336  0.712428  10.3222  13.2384  2.91615 3173.97 37
 0     245     0.0   0.193185  0.193185  0.3972  11.6336  0.712428  10.3222  13.2384  2.91615 3173.97 0
 0     258     0.0   0.193185  0.193185  0.3972  11.6336  0.712428  10.3222  13.2384  2.91615 3173.97 10
 0     258     0.0   0.193185  0.193185  0.3972  11.6336  0.712428  10.3222  13.2384  2.91615 3173.97 0
 0     284     0.0   0.193185  0.193185  0.3972  11.6336  0.712428  10.3222  13.2384  2.91615 3173.97 18
 0     284     0.0   0.193185  0.193185  0.3972  11.6336  0.712428  10.3222  13.2384  2.91615 3173.97 0
 0     312     0.0   0.193185  0.193185  0.3972  11.6336  0.712428  10.3222  13.2384  2.91615 3173.97 19
 0     312     0.0   0.193185  0.193185  0.3972  11.6336  0.712428  10.3222  13.2384  2.91615 3173.97 0
 0     326     0.0   0.193185  0.193185  0.3972  11.6336  0.712428  10.3222  13.2384  2.91615 3173.97 11
 0     326     0.0   0.193185  0.193185  0.3972  11.6336  0.712428  10.3222  13.2384  2.91615 3173.97 0
 0     347     0.0   0.193185  0.193185  0.3972  11.6336  0.712428  10.3222  13.2384  2.91615 3173.97 15
 0     347     0.0   0.194246  0.194246  0.3417  11.7188  0.881433  10.1892  13.5764  3.38719 3198.64 0
 0     363     0.0   0.194246  0.194246  0.3417  11.7188  0.881433  10.1892  13.5764  3.38719 3198.64 10
 0     363     0.0   0.194246  0.194246  0.3417  11.7188  0.881433  10.1892  13.5764  3.38719 3198.64 0
 0     411     0.0   0.194246  0.194246  0.3417  11.7188  0.881433  10.1892  13.5764  3.38719 3198.64 30
 0     411     0.0   0.194246  0.194246  0.3417  11.7188  0.881433  10.1892  13.5764  3.38719 3198.64 0
 0     515     0.0   0.194246  0.194246  0.3417  11.7188  0.881433  10.1892  13.5764  3.38719 3198.64 71
 0     515     0.0   0.194246  0.194246  0.3417  11.7188  0.881433  10.1892  13.5764  3.38719 3198.64 0
 0     535     0.0   0.194246  0.194246  0.3417  11.7188  0.881433  10.1892  13.5764  3.38719 3198.64 13
 0     535     0.0   0.194246  0.194246  0.3417  11.7188  0.881433  10.1892  13.5764  3.38719 3198.64 0
 0     566     0.0   0.194246  0.194246  0.3417  11.7188  0.881433  10.1892  13.5764  3.38719 3198.64 20
 0     566     0.0   0.194246  0.194246  0.3417  11.7188  0.881433  10.1892  13.5764  3.38719 3198.64 0
 0     581     0.0   0.194246  0.194246  0.3417  11.7188  0.881433  10.1892  13.5764  3.38719 3198.64 10
 0     581     0.0   0.194246  0.194246  0.3417  11.7188  0.881433  10.1892  13.5764  3.38719 3198.64 0
 0     634     0.0   0.194246  0.194246  0.3417  11.7188  0.881433  10.1892  13.5764  3.38719 3198.64 38
 0     634     0.0   0.194246  0.194246  0.3417  11.7188  0.881433  10.1892  13.5764  3.38719 3198.64 0
 0     783     0.0   0.194246  0.194246  0.3417  11.7188  0.881433  10.1892  13.5764  3.38719 3198.64 116
 0     783     0.0   0.1966  0.1966  0.2972  11.8375  0.698541  10.196  13.2737  3.07763 3006.41 0
 0     838     0.0   0.1966  0.1966  0.2972  11.8375  0.698541  10.196  13.2737  3.07763 3006.41 47
 0     838     0.0   0.1966  0.1966  0.2972  11.8375  0.698541  10.196  13.2737  3.07763 3006.41 0
 0     904     0.0   0.1966  0.1966  0.2972  11.8375  0.698541  10.196  13.2737  3.07763 3006.41 48
 0     904     0.0   0.1966  0.1966  0.2972  11.8375  0.698541  10.196  13.2737  3.07763 3006.41 0
 0     979     0.0   0.1966  0.1966  0.2972  11.8375  0.698541  10.196  13.2737  3.07763 3006.41 58
 0     979     0.0   0.1966  0.1966  0.2972  11.8375  0.698541  10.196  13.2737  3.07763 3006.41 0
 0    1000     0.0   0.1966  0.1966  0.2972  11.8375  0.698541  10.196  13.2737  3.07763 3006.41 15
 0    1000     0.0   0.1966  0.1966  0.2972  11.8375  0.698541  10.196  13.2737  3.07763 3006.41 0
 1    1016     0.0   0.1966  0.1966  0.2972  11.8375  0.698541  10.196  13.2737  3.07763 3006.41 9
 1    1016     0.0   0.1966  0.1966  0.2972  11.8375  0.698541  10.196  13.2737  3.07763 3006.41 0
 1    1172     0.1   0.1966  0.1966  0.2972  11.8375  0.698541  10.196  13.2737  3.07763 3006.41 116
 1    1172     0.1   0.1966  0.1966  0.2972  11.8375  0.698541  10.196  13.2737  3.07763 3006.41 0
 1    1585     0.1   0.1966  0.1966  0.2972  11.8375  0.698541  10.196  13.2737  3.07763 3006.41 313
 1    1585     0.1   0.197225  0.197225  0.2972  11.8782  0.738003  10.4251  13.8114  3.38624 2950.64 0
 1    1712     0.1   0.197225  0.197225  0.2972  11.8782  0.738003  10.4251  13.8114  3.38624 2950.64 87
 1    1712     0.1   0.197225  0.197225  0.2972  11.8782  0.738003  10.4251  13.8114  3.38624 2950.64 0
 1    1720     0.1   0.197225  0.197225  0.2972  11.8782  0.738003  10.4251  13.8114  3.38624 2950.64 6
 1    1720     0.1   0.197225  0.197225  0.2972  11.8782  0.738003  10.4251  13.8114  3.38624 2950.64 0
 2    2199     0.1   0.197225  0.197225  0.2972  11.8782  0.738003  10.4251  13.8114  3.38624 2950.64 348
 2    2199     0.1   0.197225  0.197225  0.2972  11.8782  0.738003  10.4251  13.8114  3.38624 2950.64 0
 2    2379     0.1   0.197225  0.197225  0.2972  11.8782  0.738003  10.4251  13.8114  3.38624 2950.64 127
 2    2379     0.1   0.197225  0.197225  0.2972  11.8782  0.738003  10.4251  13.8114  3.38624 2950.64 0
 2    2944     0.1   0.197225  0.197225  0.2972  11.8782  0.738003  10.4251  13.8114  3.38624 2950.64 415
 2    2944     0.1   0.197225  0.197225  0.2972  11.8782  0.738003  10.4251  13.8114  3.38624 2950.64 0
 3    3341     0.1   0.197225  0.197225  0.2972  11.8782  0.738003  10.4251  13.8114  3.38624 2950.64 286
 3    3341     0.1   0.197225  0.197225  0.2972  11.8782  0.738003  10.4251  13.8114  3.38624 2950.64 0
 3    3759     0.1   0.197225  0.197225  0.2972  11.8782  0.738003  10.4251  13.8114  3.38624 2950.64 303
 3    3759     0.1   0.197225  0.197225  0.2972  11.8782  0.738003  10.4251  13.8114  3.38624 2950.64 0
 4    4084     0.1   0.197225  0.197225  0.2972  11.8782  0.738003  10.4251  13.8114  3.38624 2950.64 241
 4    4084     0.1   0.197225  0.197225  0.2972  11.8782  0.738003  10.4251  13.8114  3.38624 2950.64 0
 4    4602     0.2   0.197225  0.197225  0.2972  11.8782  0.738003  10.4251  13.8114  3.38624 2950.64 357
 4    4602     0.2   0.197225  0.197225  0.2972  11.8782  0.738003  10.4251  13.8114  3.38624 2950.64 0
 4    4839     0.2   0.197225  0.197225  0.2972  11.8782  0.738003  10.4251  13.8114  3.38624 2950.64 177
 4    4839     0.2   0.197225  0.197225  0.2972  11.8782  0.738003  10.4251  13.8114  3.38624 2950.64 0
 6    6467     0.2   0.197225  0.197225  0.2972  11.8782  0.738003  10.4251  13.8114  3.38624 2950.64 1189
 6    6467     0.2   0.197225  0.197225  0.2972  11.8782  0.738003  10.4251  13.8114  3.38624 2950.64 0
 7    7531     0.3   0.197225  0.197225  0.2972  11.8782  0.738003  10.4251  13.8114  3.38624 2950.64 762
 7    7531     0.3   0.197225  0.197225  0.2972  11.8782  0.738003  10.4251  13.8114  3.38624 2950.64 0
 7    7539     0.3   0.197225  0.197225  0.2972  11.8782  0.738003  10.4251  13.8114  3.38624 2950.64 6
 7    7539     0.3   0.197225  0.197225  0.2972  11.8782  0.738003  10.4251  13.8114  3.38624 2950.64 0
 8    8993     0.3   0.197225  0.197225  0.2972  11.8782  0.738003  10.4251  13.8114  3.38624 2950.64 1052
 8    8993     0.3   0.197225  0.197225  0.2972  11.8782  0.738003  10.4251  13.8114  3.38624 2950.64 0
 9    9028     0.3   0.197225  0.197225  0.2972  11.8782  0.738003  10.4251  13.8114  3.38624 2950.64 26
 9    9028     0.3   0.197225  0.197225  0.2972  11.8782  0.738003  10.4251  13.8114  3.38624 2950.64 0
 9    9958     0.4   0.197225  0.197225  0.2972  11.8782  0.738003  10.4251  13.8114  3.38624 2950.64 653
 9    9958     0.4   0.197519  0.197519  0.3583  11.8927  0.709192  10.5799  13.4601  2.88019 3140.63 0
11   11000     0.4   0.197519  0.197519  0.3583  11.8927  0.709192  10.5799  13.4601  2.88019 3140.63 779
11   11039     0.4   0.197519  0.197519  0.3583  11.8927  0.709192  10.5799  13.4601  2.88019 3140.63 805
11   11039     0.4   0.197519  0.197519  0.3583  11.8927  0.709192  10.5799  13.4601  2.88019 3140.63 0
13   13276     0.5   0.197519  0.197519  0.3583  11.8927  0.709192  10.5799  13.4601  2.88019 3140.63 1606
13   13276     0.5   0.197519  0.197519  0.3583  11.8927  0.709192  10.5799  13.4601  2.88019 3140.63 0
14   14959     0.5   0.197519  0.197519  0.3583  11.8927  0.709192  10.5799  13.4601  2.88019 3140.63 1217
14   14959     0.5   0.197519  0.197519  0.3583  11.8927  0.709192  10.5799  13.4601  2.88019 3140.63 0
16   16044     0.6   0.197519  0.197519  0.3583  11.8927  0.709192  10.5799  13.4601  2.88019 3140.63 801
16   16044     0.6   0.197519  0.197519  0.3583  11.8927  0.709192  10.5799  13.4601  2.88019 3140.63 0
22   22000     0.8   0.197519  0.197519  0.3583  11.8927  0.709192  10.5799  13.4601  2.88019 3140.63 4359
23   23426     0.9   0.197519  0.197519  0.3583  11.8927  0.709192  10.5799  13.4601  2.88019 3140.63 5400
23   23426     0.9   0.197519  0.197519  0.3583  11.8927  0.709192  10.5799  13.4601  2.88019 3140.63 0
23   23457     0.9   0.197519  0.197519  0.3583  11.8927  0.709192  10.5799  13.4601  2.88019 3140.63 18
23   23457     0.9   0.198001  0.198001  0.4583  11.9438  0.868168  10.1821  13.4471  3.26501 3210.76 0
25   25745     0.9   0.198001  0.198001  0.4583  11.9438  0.868168  10.1821  13.4471  3.26501 3210.76 1698
25   25745     0.9   0.198001  0.198001  0.4583  11.9438  0.868168  10.1821  13.4471  3.26501 3210.76 0
27   27659     1.0   0.198001  0.198001  0.4583  11.9438  0.868168  10.1821  13.4471  3.26501 3210.76 1393
27   27659     1.0   0.198001  0.198001  0.4583  11.9438  0.868168  10.1821  13.4471  3.26501 3210.76 0
28   28920     1.0   0.198001  0.198001  0.4583  11.9438  0.868168  10.1821  13.4471  3.26501 3210.76 895
28   28920     1.0   0.198001  0.198001  0.4583  11.9438  0.868168  10.1821  13.4471  3.26501 3210.76 0
30   30900     1.1   0.198001  0.198001  0.4583  11.9438  0.868168  10.1821  13.4471  3.26501 3210.76 1449
30   30900     1.1   0.198404  0.198404  0.2750  11.9615  0.815437  10.1211  13.4135  3.29241 3118.86 0
33   33000     1.2   0.198404  0.198404  0.2750  11.9615  0.815437  10.1211  13.4135  3.29241 3118.86 1525
33   33079     1.2   0.198404  0.198404  0.2750  11.9615  0.815437  10.1211  13.4135  3.29241 3118.86 1580
33   33079     1.2   0.198404  0.198404  0.2750  11.9615  0.815437  10.1211  13.4135  3.29241 3118.86 0
37   37508     1.4   0.198404  0.198404  0.2750  11.9615  0.815437  10.1211  13.4135  3.29241 3118.86 3235
37   37508     1.4   0.201297  0.201297  0.3361  12.1113  0.642405  10.9544  13.5934  2.63904 3026.74 0
37   37737     1.4   0.201297  0.201297  0.3361  12.1113  0.642405  10.9544  13.5934  2.63904 3026.74 173
37   37737     1.4   0.201297  0.201297  0.3361  12.1113  0.642405  10.9544  13.5934  2.63904 3026.74 0
44   44000     1.6   0.201297  0.201297  0.3361  12.1113  0.642405  10.9544  13.5934  2.63904 3026.74 4594
45   45791     1.7   0.201297  0.201297  0.3361  12.1113  0.642405  10.9544  13.5934  2.63904 3026.74 5911
45   45791     1.7   0.201297  0.201297  0.3361  12.1113  0.642405  10.9544  13.5934  2.63904 3026.74 0
47   47993     1.8   0.201297  0.201297  0.3361  12.1113  0.642405  10.9544  13.5934  2.63904 3026.74 1623
47   47993     1.8   0.201297  0.201297  0.3361  12.1113  0.642405  10.9544  13.5934  2.63904 3026.74 0
53   53704     2.0   0.201297  0.201297  0.3361  12.1113  0.642405  10.9544  13.5934  2.63904 3026.74 4226
53   53704     2.0   0.201297  0.201297  0.3361  12.1113  0.642405  10.9544  13.5934  2.63904 3026.74 0
55   55000     2.1   0.201297  0.201297  0.3361  12.1113  0.642405  10.9544  13.5934  2.63904 3026.74 944
56   56471     2.1   0.201297  0.201297  0.3361  12.1113  0.642405  10.9544  13.5934  2.63904 3026.74 2002
56   56471     2.1   0.201297  0.201297  0.3361  12.1113  0.642405  10.9544  13.5934  2.63904 3026.74 0
66   66000     2.5   0.201297  0.201297  0.3361  12.1113  0.642405  10.9544  13.5934  2.63904 3026.74 6962
68   68052     2.6   0.201297  0.201297  0.3361  12.1113  0.642405  10.9544  13.5934  2.63904 3026.74 8472
68   68052     2.6   0.201297  0.201297  0.3361  12.1113  0.642405  10.9544  13.5934  2.63904 3026.74 0
70   70075     2.7   0.201297  0.201297  0.3361  12.1113  0.642405  10.9544  13.5934  2.63904 3026.74 1463
70   70075     2.7   0.201297  0.201297  0.3361  12.1113  0.642405  10.9544  13.5934  2.63904 3026.74 0
76   76156     2.9   0.201297  0.201297  0.3361  12.1113  0.642405  10.9544  13.5934  2.63904 3026.74 4382
76   76156     2.9   0.201297  0.201297  0.3361  12.1113  0.642405  10.9544  13.5934  2.63904 3026.74 0
77   77001     3.0   0.201297  0.201297  0.3361  12.1113  0.642405  10.9544  13.5934  2.63904 3026.74 630
78   78989     3.0   0.201297  0.201297  0.3361  12.1113  0.642405  10.9544  13.5934  2.63904 3026.74 2077
78   78989     3.0   0.201297  0.201297  0.3361  12.1113  0.642405  10.9544  13.5934  2.63904 3026.74 0
80   80512     3.1   0.201297  0.201297  0.3361  12.1113  0.642405  10.9544  13.5934  2.63904 3026.74 1113
80   80512     3.1   0.201297  0.201297  0.3361  12.1113  0.642405  10.9544  13.5934  2.63904 3026.74 0
81   81962     3.2   0.201297  0.201297  0.3361  12.1113  0.642405  10.9544  13.5934  2.63904 3026.74 1057
81   81962     3.2   0.203262  0.203262  0.3583  12.222  0.561464  10.5008  13.1656  2.66474 2954.2 0
83   83377     3.2   0.203262  0.203262  0.3583  12.222  0.561464  10.5008  13.1656  2.66474 2954.2 1016
83   83377     3.2   0.203262  0.203262  0.3583  12.222  0.561464  10.5008  13.1656  2.66474 2954.2 0
83   84000     3.2   0.203262  0.203262  0.3583  12.222  0.561464  10.5008  13.1656  2.66474 2954.2 444
83   84000     3.2   0.203262  0.203262  0.3583  12.222  0.561464  10.5008  13.1656  2.66474 2954.2 0
86   86079     3.3   0.203262  0.203262  0.3583  12.222  0.561464  10.5008  13.1656  2.66474 2954.2 1503
86   86079     3.3   0.203262  0.203262  0.3583  12.222  0.561464  10.5008  13.1656  2.66474 2954.2 0
88   88000     3.4   0.203262  0.203262  0.3583  12.222  0.561464  10.5008  13.1656  2.66474 2954.2 1441
88   88170     3.4   0.203262  0.203262  0.3583  12.222  0.561464  10.5008  13.1656  2.66474 2954.2 1564
88   88170     3.4   0.203262  0.203262  0.3583  12.222  0.561464  10.5008  13.1656  2.66474 2954.2 0
93   93248     3.6   0.203262  0.203262  0.3583  12.222  0.561464  10.5008  13.1656  2.66474 2954.2 3667
93   93248     3.6   0.203262  0.203262  0.3583  12.222  0.561464  10.5008  13.1656  2.66474 2954.2 0
96   96840     3.8   0.203262  0.203262  0.3583  12.222  0.561464  10.5008  13.1656  2.66474 2954.2 2614
96   96840     3.8   0.203408  0.203408  0.2917  12.2286  0.543264  10.8141  13.3042  2.49012 2851.75 0
99   99000     3.8   0.203408  0.203408  0.2917  12.2286  0.543264  10.8141  13.3042  2.49012 2851.75 1569
99  100000     3.9   0.203408  0.203408  0.2917  12.2286  0.543264  10.8141  13.3042  2.49012 2851.75 2295
EndUpdateLog

Done
